<?xml version="1.0" encoding="UTF-8"?>
<!-- Generated by org.testng.reporters.JUnitXMLReporter -->
<testsuite hostname="DESKTOP-I76TGM3" ignored="0" name="Validating title in the page" tests="1" failures="1" timestamp="2020-09-09T10:46:58 CEST" time="11.267" errors="0">
  <testcase name="ValidateTitle" time="0.129" classname="Academy.ValidateTitle">
    <failure type="java.lang.AssertionError" message="expected [featured courses1234] but found [featured courses]">
      <![CDATA[java.lang.AssertionError: expected [featured courses1234] but found [featured courses]
at Academy.ValidateTitle.ValidateTitle(ValidateTitle.java:39)
at java.util.ArrayList.forEach(Unknown Source)
at java.util.concurrent.FutureTask.run(Unknown Source)
at java.util.concurrent.ThreadPoolExecutor.runWorker(Unknown Source)
at java.util.concurrent.ThreadPoolExecutor$Worker.run(Unknown Source)
at java.lang.Thread.run(Unknown Source)
... Removed 24 stack frames]]>
    </failure>
  </testcase> <!-- ValidateTitle -->
</testsuite> <!-- Validating title in the page -->
